[0.175s] DEBUG:colcon:Command line arguments: ['/usr/bin/colcon', 'build']
[0.175s] DEBUG:colcon:Parsed command line arguments: Namespace(log_base=None, log_level=None, verb_name='build', build_base='build', install_base='install', merge_install=False, symlink_install=False, test_result_base=None, continue_on_error=False, executor='parallel', parallel_workers=16, event_handlers=None, ignore_user_meta=False, metas=['./colcon.meta'], base_paths=['.'], packages_ignore=None, packages_ignore_regex=None, paths=None, packages_up_to=None, packages_up_to_regex=None, packages_above=None, packages_above_and_dependencies=None, packages_above_depth=None, packages_select_by_dep=None, packages_skip_by_dep=None, packages_skip_up_to=None, packages_select_build_failed=False, packages_skip_build_finished=False, packages_select_test_failures=False, packages_skip_test_passed=False, packages_select=None, packages_skip=None, packages_select_regex=None, packages_skip_regex=None, packages_start=None, packages_end=None, allow_overriding=[], cmake_args=None, cmake_target=None, cmake_target_skip_unavailable=False, cmake_clean_cache=False, cmake_clean_first=False, cmake_force_configure=False, ament_cmake_args=None, catkin_cmake_args=None, catkin_skip_building_tests=False, mixin_files=None, mixin=None, verb_parser=<colcon_mixin.mixin.mixin_argument.MixinArgumentDecorator object at 0x7a899d03b760>, verb_extension=<colcon_core.verb.build.BuildVerb object at 0x7a899d03b190>, main=<bound method BuildVerb.main of <colcon_core.verb.build.BuildVerb object at 0x7a899d03b190>>, mixin_verb=('build',))
[0.342s] Level 1:colcon.colcon_core.package_discovery:discover_packages(colcon_meta) check parameters
[0.343s] Level 1:colcon.colcon_core.package_discovery:discover_packages(recursive) check parameters
[0.343s] Level 1:colcon.colcon_core.package_discovery:discover_packages(ignore) check parameters
[0.343s] Level 1:colcon.colcon_core.package_discovery:discover_packages(path) check parameters
[0.343s] Level 1:colcon.colcon_core.package_discovery:discover_packages(colcon_meta) discover
[0.343s] Level 1:colcon.colcon_core.package_discovery:discover_packages(recursive) discover
[0.343s] INFO:colcon.colcon_core.package_discovery:Crawling recursively for packages in '/home/fayas/main_project/balancing_robot_pkg'
[0.343s] Level 1:colcon.colcon_core.package_identification:_identify(.) by extensions ['ignore', 'ignore_ament_install']
[0.343s] Level 1:colcon.colcon_core.package_identification:_identify(.) by extension 'ignore'
[0.343s] Level 1:colcon.colcon_core.package_identification:_identify(.) by extension 'ignore_ament_install'
[0.343s] Level 1:colcon.colcon_core.package_identification:_identify(.) by extensions ['colcon_pkg']
[0.343s] Level 1:colcon.colcon_core.package_identification:_identify(.) by extension 'colcon_pkg'
[0.343s] Level 1:colcon.colcon_core.package_identification:_identify(.) by extensions ['colcon_meta']
[0.343s] Level 1:colcon.colcon_core.package_identification:_identify(.) by extension 'colcon_meta'
[0.343s] Level 1:colcon.colcon_core.package_identification:_identify(.) by extensions ['ros']
[0.343s] Level 1:colcon.colcon_core.package_identification:_identify(.) by extension 'ros'
[0.369s] DEBUG:colcon.colcon_core.package_identification:Package '.' with type 'ros.ament_python' and name 'balancing_robot_pkg'
[0.369s] Level 1:colcon.colcon_core.package_discovery:discover_packages(recursive) using defaults
[0.369s] Level 1:colcon.colcon_core.package_discovery:discover_packages(ignore) discover
[0.369s] Level 1:colcon.colcon_core.package_discovery:discover_packages(ignore) using defaults
[0.369s] Level 1:colcon.colcon_core.package_discovery:discover_packages(path) discover
[0.369s] Level 1:colcon.colcon_core.package_discovery:discover_packages(path) using defaults
[0.389s] Level 1:colcon.colcon_core.package_discovery:discover_packages(prefix_path) check parameters
[0.389s] Level 1:colcon.colcon_core.package_discovery:discover_packages(prefix_path) discover
[0.392s] DEBUG:colcon.colcon_installed_package_information.package_discovery:Found 384 installed packages in /opt/ros/humble
[0.393s] Level 1:colcon.colcon_core.package_discovery:discover_packages(prefix_path) using defaults
[0.420s] Level 5:colcon.colcon_core.verb:set package 'balancing_robot_pkg' build argument 'cmake_args' from command line to 'None'
[0.420s] Level 5:colcon.colcon_core.verb:set package 'balancing_robot_pkg' build argument 'cmake_target' from command line to 'None'
[0.420s] Level 5:colcon.colcon_core.verb:set package 'balancing_robot_pkg' build argument 'cmake_target_skip_unavailable' from command line to 'False'
[0.420s] Level 5:colcon.colcon_core.verb:set package 'balancing_robot_pkg' build argument 'cmake_clean_cache' from command line to 'False'
[0.420s] Level 5:colcon.colcon_core.verb:set package 'balancing_robot_pkg' build argument 'cmake_clean_first' from command line to 'False'
[0.420s] Level 5:colcon.colcon_core.verb:set package 'balancing_robot_pkg' build argument 'cmake_force_configure' from command line to 'False'
[0.420s] Level 5:colcon.colcon_core.verb:set package 'balancing_robot_pkg' build argument 'ament_cmake_args' from command line to 'None'
[0.420s] Level 5:colcon.colcon_core.verb:set package 'balancing_robot_pkg' build argument 'catkin_cmake_args' from command line to 'None'
[0.420s] Level 5:colcon.colcon_core.verb:set package 'balancing_robot_pkg' build argument 'catkin_skip_building_tests' from command line to 'False'
[0.420s] DEBUG:colcon.colcon_core.verb:Building package 'balancing_robot_pkg' with the following arguments: {'ament_cmake_args': None, 'build_base': '/home/fayas/main_project/balancing_robot_pkg/build/balancing_robot_pkg', 'catkin_cmake_args': None, 'catkin_skip_building_tests': False, 'cmake_args': None, 'cmake_clean_cache': False, 'cmake_clean_first': False, 'cmake_force_configure': False, 'cmake_target': None, 'cmake_target_skip_unavailable': False, 'install_base': '/home/fayas/main_project/balancing_robot_pkg/install/balancing_robot_pkg', 'merge_install': False, 'path': '/home/fayas/main_project/balancing_robot_pkg', 'symlink_install': False, 'test_result_base': None}
[0.420s] INFO:colcon.colcon_core.executor:Executing jobs using 'parallel' executor
[0.421s] DEBUG:colcon.colcon_parallel_executor.executor.parallel:run_until_complete
[0.421s] INFO:colcon.colcon_ros.task.ament_python.build:Building ROS package in '/home/fayas/main_project/balancing_robot_pkg' with build type 'ament_python'
[0.421s] Level 1:colcon.colcon_core.shell:create_environment_hook('balancing_robot_pkg', 'ament_prefix_path')
[0.424s] INFO:colcon.colcon_core.plugin_system:Skipping extension 'colcon_core.shell.bat': Not used on non-Windows systems
[0.424s] INFO:colcon.colcon_core.shell:Creating environment hook '/home/fayas/main_project/balancing_robot_pkg/install/balancing_robot_pkg/share/balancing_robot_pkg/hook/ament_prefix_path.ps1'
[0.425s] INFO:colcon.colcon_core.shell:Creating environment descriptor '/home/fayas/main_project/balancing_robot_pkg/install/balancing_robot_pkg/share/balancing_robot_pkg/hook/ament_prefix_path.dsv'
[0.425s] INFO:colcon.colcon_core.shell:Creating environment hook '/home/fayas/main_project/balancing_robot_pkg/install/balancing_robot_pkg/share/balancing_robot_pkg/hook/ament_prefix_path.sh'
[0.426s] INFO:colcon.colcon_core.shell:Skip shell extension 'powershell' for command environment: Not usable outside of PowerShell
[0.426s] DEBUG:colcon.colcon_core.shell:Skip shell extension 'dsv' for command environment
[0.621s] INFO:colcon.colcon_core.task.python.build:Building Python package in '/home/fayas/main_project/balancing_robot_pkg'
[0.622s] INFO:colcon.colcon_core.shell:Skip shell extension 'powershell' for command environment: Not usable outside of PowerShell
[0.622s] DEBUG:colcon.colcon_core.shell:Skip shell extension 'dsv' for command environment
[1.063s] DEBUG:colcon.colcon_core.event_handler.log_command:Invoking command in '/home/fayas/main_project/balancing_robot_pkg': PYTHONPATH=/home/fayas/main_project/balancing_robot_pkg/build/balancing_robot_pkg/prefix_override:/usr/lib/python3/dist-packages/colcon_core/task/python/colcon_distutils_commands:/home/fayas/main_project/balancing_robot_pkg/install/balancing_robot_pkg/lib/python3.10/site-packages:${PYTHONPATH} /usr/bin/python3 -W ignore:setup.py install is deprecated -W ignore:easy_install command is deprecated setup.py egg_info --egg-base build/balancing_robot_pkg build --build-base /home/fayas/main_project/balancing_robot_pkg/build/balancing_robot_pkg/build install --record /home/fayas/main_project/balancing_robot_pkg/build/balancing_robot_pkg/install.log --single-version-externally-managed install_data
[1.288s] DEBUG:colcon.colcon_core.event_handler.log_command:Invoked command in '/home/fayas/main_project/balancing_robot_pkg' returned '0': PYTHONPATH=/home/fayas/main_project/balancing_robot_pkg/build/balancing_robot_pkg/prefix_override:/usr/lib/python3/dist-packages/colcon_core/task/python/colcon_distutils_commands:/home/fayas/main_project/balancing_robot_pkg/install/balancing_robot_pkg/lib/python3.10/site-packages:${PYTHONPATH} /usr/bin/python3 -W ignore:setup.py install is deprecated -W ignore:easy_install command is deprecated setup.py egg_info --egg-base build/balancing_robot_pkg build --build-base /home/fayas/main_project/balancing_robot_pkg/build/balancing_robot_pkg/build install --record /home/fayas/main_project/balancing_robot_pkg/build/balancing_robot_pkg/install.log --single-version-externally-managed install_data
[1.294s] Level 1:colcon.colcon_core.environment:checking '/home/fayas/main_project/balancing_robot_pkg/install/balancing_robot_pkg' for CMake module files
[1.295s] Level 1:colcon.colcon_core.environment:checking '/home/fayas/main_project/balancing_robot_pkg/install/balancing_robot_pkg' for CMake config files
[1.295s] Level 1:colcon.colcon_core.environment:checking '/home/fayas/main_project/balancing_robot_pkg/install/balancing_robot_pkg/lib'
[1.296s] Level 1:colcon.colcon_core.environment:checking '/home/fayas/main_project/balancing_robot_pkg/install/balancing_robot_pkg/bin'
[1.296s] Level 1:colcon.colcon_core.environment:checking '/home/fayas/main_project/balancing_robot_pkg/install/balancing_robot_pkg/lib/pkgconfig/balancing_robot_pkg.pc'
[1.296s] Level 1:colcon.colcon_core.environment:checking '/home/fayas/main_project/balancing_robot_pkg/install/balancing_robot_pkg/lib/python3.10/site-packages'
[1.296s] Level 1:colcon.colcon_core.shell:create_environment_hook('balancing_robot_pkg', 'pythonpath')
[1.296s] INFO:colcon.colcon_core.shell:Creating environment hook '/home/fayas/main_project/balancing_robot_pkg/install/balancing_robot_pkg/share/balancing_robot_pkg/hook/pythonpath.ps1'
[1.297s] INFO:colcon.colcon_core.shell:Creating environment descriptor '/home/fayas/main_project/balancing_robot_pkg/install/balancing_robot_pkg/share/balancing_robot_pkg/hook/pythonpath.dsv'
[1.299s] INFO:colcon.colcon_core.shell:Creating environment hook '/home/fayas/main_project/balancing_robot_pkg/install/balancing_robot_pkg/share/balancing_robot_pkg/hook/pythonpath.sh'
[1.300s] Level 1:colcon.colcon_core.environment:checking '/home/fayas/main_project/balancing_robot_pkg/install/balancing_robot_pkg/bin'
[1.300s] Level 1:colcon.colcon_core.environment:create_environment_scripts_only(balancing_robot_pkg)
[1.300s] INFO:colcon.colcon_core.shell:Creating package script '/home/fayas/main_project/balancing_robot_pkg/install/balancing_robot_pkg/share/balancing_robot_pkg/package.ps1'
[1.301s] INFO:colcon.colcon_core.shell:Creating package descriptor '/home/fayas/main_project/balancing_robot_pkg/install/balancing_robot_pkg/share/balancing_robot_pkg/package.dsv'
[1.302s] INFO:colcon.colcon_core.shell:Creating package script '/home/fayas/main_project/balancing_robot_pkg/install/balancing_robot_pkg/share/balancing_robot_pkg/package.sh'
[1.303s] INFO:colcon.colcon_core.shell:Creating package script '/home/fayas/main_project/balancing_robot_pkg/install/balancing_robot_pkg/share/balancing_robot_pkg/package.bash'
[1.304s] INFO:colcon.colcon_core.shell:Creating package script '/home/fayas/main_project/balancing_robot_pkg/install/balancing_robot_pkg/share/balancing_robot_pkg/package.zsh'
[1.306s] Level 1:colcon.colcon_core.environment:create_file_with_runtime_dependencies(/home/fayas/main_project/balancing_robot_pkg/install/balancing_robot_pkg/share/colcon-core/packages/balancing_robot_pkg)
[1.306s] DEBUG:colcon.colcon_parallel_executor.executor.parallel:closing loop
[1.306s] DEBUG:colcon.colcon_parallel_executor.executor.parallel:loop closed
[1.306s] DEBUG:colcon.colcon_parallel_executor.executor.parallel:run_until_complete finished with '0'
[1.306s] DEBUG:colcon.colcon_core.event_reactor:joining thread
[1.318s] INFO:colcon.colcon_core.plugin_system:Skipping extension 'colcon_notification.desktop_notification.terminal_notifier': Not used on non-Darwin systems
[1.318s] INFO:colcon.colcon_core.plugin_system:Skipping extension 'colcon_notification.desktop_notification.win32': Not used on non-Windows systems
[1.318s] INFO:colcon.colcon_notification.desktop_notification:Sending desktop notification using 'notify2'
[1.336s] DEBUG:colcon.colcon_core.event_reactor:joined thread
[1.336s] INFO:colcon.colcon_core.shell:Creating prefix script '/home/fayas/main_project/balancing_robot_pkg/install/local_setup.ps1'
[1.338s] INFO:colcon.colcon_core.shell:Creating prefix util module '/home/fayas/main_project/balancing_robot_pkg/install/_local_setup_util_ps1.py'
[1.339s] INFO:colcon.colcon_core.shell:Creating prefix chain script '/home/fayas/main_project/balancing_robot_pkg/install/setup.ps1'
[1.340s] INFO:colcon.colcon_core.shell:Creating prefix script '/home/fayas/main_project/balancing_robot_pkg/install/local_setup.sh'
[1.341s] INFO:colcon.colcon_core.shell:Creating prefix util module '/home/fayas/main_project/balancing_robot_pkg/install/_local_setup_util_sh.py'
[1.341s] INFO:colcon.colcon_core.shell:Creating prefix chain script '/home/fayas/main_project/balancing_robot_pkg/install/setup.sh'
[1.342s] INFO:colcon.colcon_core.shell:Creating prefix script '/home/fayas/main_project/balancing_robot_pkg/install/local_setup.bash'
[1.343s] INFO:colcon.colcon_core.shell:Creating prefix chain script '/home/fayas/main_project/balancing_robot_pkg/install/setup.bash'
[1.344s] INFO:colcon.colcon_core.shell:Creating prefix script '/home/fayas/main_project/balancing_robot_pkg/install/local_setup.zsh'
[1.344s] INFO:colcon.colcon_core.shell:Creating prefix chain script '/home/fayas/main_project/balancing_robot_pkg/install/setup.zsh'
