/home/fayas/main_project/balancing_robot_pkg/install/balancing_robot_pkg/lib/python3.10/site-packages/balancing_robot_pkg/__init__.py
/home/fayas/main_project/balancing_robot_pkg/install/balancing_robot_pkg/lib/python3.10/site-packages/balancing_robot_pkg/imu_serial.py
/home/fayas/main_project/balancing_robot_pkg/install/balancing_robot_pkg/lib/python3.10/site-packages/balancing_robot_pkg/pid_sim.py
/home/fayas/main_project/balancing_robot_pkg/install/balancing_robot_pkg/lib/python3.10/site-packages/balancing_robot_pkg/__pycache__/__init__.cpython-310.pyc
/home/fayas/main_project/balancing_robot_pkg/install/balancing_robot_pkg/lib/python3.10/site-packages/balancing_robot_pkg/__pycache__/imu_serial.cpython-310.pyc
/home/fayas/main_project/balancing_robot_pkg/install/balancing_robot_pkg/lib/python3.10/site-packages/balancing_robot_pkg/__pycache__/pid_sim.cpython-310.pyc
/home/fayas/main_project/balancing_robot_pkg/install/balancing_robot_pkg/share/ament_index/resource_index/packages/balancing_robot_pkg
/home/fayas/main_project/balancing_robot_pkg/install/balancing_robot_pkg/share/balancing_robot_pkg/package.xml
/home/fayas/main_project/balancing_robot_pkg/install/balancing_robot_pkg/share/balancing_robot_pkg/launch/gazebo.launch.py
/home/fayas/main_project/balancing_robot_pkg/install/balancing_robot_pkg/share/balancing_robot_pkg/launch/display.launch.py
/home/fayas/main_project/balancing_robot_pkg/install/balancing_robot_pkg/share/balancing_robot_pkg/urdf/robot.urdf
/home/fayas/main_project/balancing_robot_pkg/install/balancing_robot_pkg/lib/python3.10/site-packages/balancing_robot_pkg-0.0.0-py3.10.egg-info/top_level.txt
/home/fayas/main_project/balancing_robot_pkg/install/balancing_robot_pkg/lib/python3.10/site-packages/balancing_robot_pkg-0.0.0-py3.10.egg-info/SOURCES.txt
/home/fayas/main_project/balancing_robot_pkg/install/balancing_robot_pkg/lib/python3.10/site-packages/balancing_robot_pkg-0.0.0-py3.10.egg-info/entry_points.txt
/home/fayas/main_project/balancing_robot_pkg/install/balancing_robot_pkg/lib/python3.10/site-packages/balancing_robot_pkg-0.0.0-py3.10.egg-info/requires.txt
/home/fayas/main_project/balancing_robot_pkg/install/balancing_robot_pkg/lib/python3.10/site-packages/balancing_robot_pkg-0.0.0-py3.10.egg-info/zip-safe
/home/fayas/main_project/balancing_robot_pkg/install/balancing_robot_pkg/lib/python3.10/site-packages/balancing_robot_pkg-0.0.0-py3.10.egg-info/PKG-INFO
/home/fayas/main_project/balancing_robot_pkg/install/balancing_robot_pkg/lib/python3.10/site-packages/balancing_robot_pkg-0.0.0-py3.10.egg-info/dependency_links.txt
/home/fayas/main_project/balancing_robot_pkg/install/balancing_robot_pkg/lib/balancing_robot_pkg/imu_serial
/home/fayas/main_project/balancing_robot_pkg/install/balancing_robot_pkg/lib/balancing_robot_pkg/pid_sim
